2021-08-20 16:20:55,660 - GetWeather.py - INFO - ------------------------------------------------------------------------------------------------------
2021-08-20 16:20:55,660 - GetWeather.py - INFO - 20/08/2021 16:20:55 Get weather message for Hérémence - 
2021-08-20 16:20:55,660 - GetWeather.py - INFO - ------------------------------------------------------------------------------------------------------
2021-08-20 16:20:55,828 - GetWeather.py - INFO - Message retrieved from OpenWeather.
2021-08-20 16:20:55,910 - GetWeather.py - WARNING - Record already exists in WeatherDB! Bypass insertion.
2021-08-20 16:20:55,910 - GetWeather.py - INFO - ------------------------------------------------------------------------------------------------------
2021-08-20 16:20:55,910 - GetWeather.py - INFO - 20/08/2021 16:20:55 Get weather message for Geneva - 
2021-08-20 16:20:55,910 - GetWeather.py - INFO - ------------------------------------------------------------------------------------------------------
2021-08-20 16:20:56,038 - GetWeather.py - INFO - Message retrieved from OpenWeather.
2021-08-20 16:20:56,116 - GetWeather.py - WARNING - Record already exists in WeatherDB! Bypass insertion.
2021-08-20 16:20:56,116 - GetWeather.py - INFO - ------------------------------------------------------------------------------------------------------
2021-08-20 16:20:56,116 - GetWeather.py - INFO - 20/08/2021 16:20:56 Get weather message for Lausanne - 
2021-08-20 16:20:56,116 - GetWeather.py - INFO - ------------------------------------------------------------------------------------------------------
2021-08-20 16:20:56,259 - GetWeather.py - INFO - Message retrieved from OpenWeather.
2021-08-20 16:20:56,363 - GetWeather.py - INFO - Inject message with fingerprint: 1b3e9392a229c489547a09dc7fa8d6b1 
2021-08-20 16:20:56,366 - GetWeather.py - INFO - New weather message injected in Weather DB.
2021-08-20 16:20:56,366 - GetWeather.py - INFO - ------------------------------------------------------------------------------------------------------
2021-08-20 16:20:56,367 - GetWeather.py - INFO - 20/08/2021 16:20:56 Get weather message for Sion - 
2021-08-20 16:20:56,367 - GetWeather.py - INFO - ------------------------------------------------------------------------------------------------------
2021-08-20 16:20:56,533 - GetWeather.py - INFO - Message retrieved from OpenWeather.
2021-08-20 16:20:56,649 - GetWeather.py - INFO - Inject message with fingerprint: 0c5822b9a0c390c829bceb3b4bdb17de 
2021-08-20 16:20:56,652 - GetWeather.py - INFO - New weather message injected in Weather DB.
2021-08-20 16:20:56,652 - GetWeather.py - INFO - ------------------------------------------------------------------------------------------------------
2021-08-20 16:20:56,652 - GetWeather.py - INFO - 20/08/2021 16:20:56 Get weather message for Evolène - 
2021-08-20 16:20:56,653 - GetWeather.py - INFO - ------------------------------------------------------------------------------------------------------
2021-08-20 16:20:56,810 - GetWeather.py - INFO - Message retrieved from OpenWeather.
2021-08-20 16:20:56,920 - GetWeather.py - INFO - Inject message with fingerprint: 0c74ea44a1770f02042633d8b1d16075 
2021-08-20 16:20:56,922 - GetWeather.py - INFO - New weather message injected in Weather DB.
2021-08-20 16:20:59,582 - GetWeather.py - INFO - ------------------------------------------------------------------------------------------------------
2021-08-20 16:20:59,582 - GetWeather.py - INFO - 20/08/2021 16:20:59 Get weather message for Hérémence - 
2021-08-20 16:20:59,582 - GetWeather.py - INFO - ------------------------------------------------------------------------------------------------------
2021-08-20 16:20:59,736 - GetWeather.py - INFO - Message retrieved from OpenWeather.
2021-08-20 16:20:59,819 - GetWeather.py - WARNING - Record already exists in WeatherDB! Bypass insertion.
2021-08-20 16:20:59,819 - GetWeather.py - INFO - ------------------------------------------------------------------------------------------------------
2021-08-20 16:20:59,819 - GetWeather.py - INFO - 20/08/2021 16:20:59 Get weather message for Geneva - 
2021-08-20 16:20:59,819 - GetWeather.py - INFO - ------------------------------------------------------------------------------------------------------
2021-08-20 16:20:59,957 - GetWeather.py - INFO - Message retrieved from OpenWeather.
2021-08-20 16:21:00,028 - GetWeather.py - WARNING - Record already exists in WeatherDB! Bypass insertion.
2021-08-20 16:21:00,028 - GetWeather.py - INFO - ------------------------------------------------------------------------------------------------------
2021-08-20 16:21:00,028 - GetWeather.py - INFO - 20/08/2021 16:21:00 Get weather message for Lausanne - 
2021-08-20 16:21:00,028 - GetWeather.py - INFO - ------------------------------------------------------------------------------------------------------
2021-08-20 16:21:00,173 - GetWeather.py - INFO - Message retrieved from OpenWeather.
2021-08-20 16:21:00,243 - GetWeather.py - WARNING - Record already exists in WeatherDB! Bypass insertion.
2021-08-20 16:21:00,243 - GetWeather.py - INFO - ------------------------------------------------------------------------------------------------------
2021-08-20 16:21:00,243 - GetWeather.py - INFO - 20/08/2021 16:21:00 Get weather message for Sion - 
2021-08-20 16:21:00,243 - GetWeather.py - INFO - ------------------------------------------------------------------------------------------------------
2021-08-20 16:21:00,350 - GetWeather.py - INFO - Message retrieved from OpenWeather.
2021-08-20 16:21:00,419 - GetWeather.py - WARNING - Record already exists in WeatherDB! Bypass insertion.
2021-08-20 16:21:00,419 - GetWeather.py - INFO - ------------------------------------------------------------------------------------------------------
2021-08-20 16:21:00,419 - GetWeather.py - INFO - 20/08/2021 16:21:00 Get weather message for Evolène - 
2021-08-20 16:21:00,419 - GetWeather.py - INFO - ------------------------------------------------------------------------------------------------------
2021-08-20 16:21:00,530 - GetWeather.py - INFO - Message retrieved from OpenWeather.
2021-08-20 16:21:00,598 - GetWeather.py - WARNING - Record already exists in WeatherDB! Bypass insertion.
2021-08-20 16:26:00,599 - GetWeather.py - INFO - ------------------------------------------------------------------------------------------------------
2021-08-20 16:26:00,599 - GetWeather.py - INFO - 20/08/2021 16:26:00 Get weather message for Hérémence - 
2021-08-20 16:26:00,599 - GetWeather.py - INFO - ------------------------------------------------------------------------------------------------------
2021-08-20 16:26:03,902 - GetWeather.py - INFO - Server unavailable or wrong URL. No HTTP query answer received!
2021-08-20 16:26:03,902 - GetWeather.py - INFO - Retry query in 30
2021-08-20 16:26:34,012 - GetWeather.py - INFO - Message retrieved from OpenWeather.
2021-08-20 16:26:34,079 - GetWeather.py - WARNING - Record already exists in WeatherDB! Bypass insertion.
2021-08-20 16:26:34,079 - GetWeather.py - INFO - ------------------------------------------------------------------------------------------------------
2021-08-20 16:26:34,079 - GetWeather.py - INFO - 20/08/2021 16:26:34 Get weather message for Geneva - 
2021-08-20 16:26:34,079 - GetWeather.py - INFO - ------------------------------------------------------------------------------------------------------
2021-08-20 16:26:34,185 - GetWeather.py - INFO - Message retrieved from OpenWeather.
2021-08-20 16:26:34,250 - GetWeather.py - WARNING - Record already exists in WeatherDB! Bypass insertion.
2021-08-20 16:26:34,250 - GetWeather.py - INFO - ------------------------------------------------------------------------------------------------------
2021-08-20 16:26:34,250 - GetWeather.py - INFO - 20/08/2021 16:26:34 Get weather message for Lausanne - 
2021-08-20 16:26:34,250 - GetWeather.py - INFO - ------------------------------------------------------------------------------------------------------
2021-08-20 16:26:34,398 - GetWeather.py - INFO - Message retrieved from OpenWeather.
2021-08-20 16:26:34,471 - GetWeather.py - WARNING - Record already exists in WeatherDB! Bypass insertion.
2021-08-20 16:26:34,471 - GetWeather.py - INFO - ------------------------------------------------------------------------------------------------------
2021-08-20 16:26:34,471 - GetWeather.py - INFO - 20/08/2021 16:26:34 Get weather message for Sion - 
2021-08-20 16:26:34,471 - GetWeather.py - INFO - ------------------------------------------------------------------------------------------------------
2021-08-20 16:26:34,645 - GetWeather.py - INFO - Message retrieved from OpenWeather.
2021-08-20 16:26:34,709 - GetWeather.py - WARNING - Record already exists in WeatherDB! Bypass insertion.
2021-08-20 16:26:34,709 - GetWeather.py - INFO - ------------------------------------------------------------------------------------------------------
2021-08-20 16:26:34,709 - GetWeather.py - INFO - 20/08/2021 16:26:34 Get weather message for Evolène - 
2021-08-20 16:26:34,709 - GetWeather.py - INFO - ------------------------------------------------------------------------------------------------------
2021-08-20 16:26:35,504 - GetWeather.py - INFO - Message retrieved from OpenWeather.
2021-08-20 16:26:35,568 - GetWeather.py - WARNING - Record already exists in WeatherDB! Bypass insertion.
2021-08-20 16:31:35,569 - GetWeather.py - INFO - ------------------------------------------------------------------------------------------------------
2021-08-20 16:31:35,569 - GetWeather.py - INFO - 20/08/2021 16:31:35 Get weather message for Hérémence - 
2021-08-20 16:31:35,569 - GetWeather.py - INFO - ------------------------------------------------------------------------------------------------------
2021-08-20 16:31:35,716 - GetWeather.py - INFO - Message retrieved from OpenWeather.
2021-08-20 16:31:35,818 - GetWeather.py - INFO - Inject message with fingerprint: e3f6136dd795c6f043b0b5d01990bd51 
2021-08-20 16:31:35,820 - GetWeather.py - INFO - New weather message injected in Weather DB.
2021-08-20 16:31:35,820 - GetWeather.py - INFO - ------------------------------------------------------------------------------------------------------
2021-08-20 16:31:35,820 - GetWeather.py - INFO - 20/08/2021 16:31:35 Get weather message for Geneva - 
2021-08-20 16:31:35,820 - GetWeather.py - INFO - ------------------------------------------------------------------------------------------------------
2021-08-20 16:31:35,939 - GetWeather.py - INFO - Message retrieved from OpenWeather.
2021-08-20 16:31:36,039 - GetWeather.py - INFO - Inject message with fingerprint: 35b46aad9e55c86a4e8670495e498afa 
2021-08-20 16:31:36,041 - GetWeather.py - INFO - New weather message injected in Weather DB.
2021-08-20 16:31:36,042 - GetWeather.py - INFO - ------------------------------------------------------------------------------------------------------
2021-08-20 16:31:36,042 - GetWeather.py - INFO - 20/08/2021 16:31:36 Get weather message for Lausanne - 
2021-08-20 16:31:36,043 - GetWeather.py - INFO - ------------------------------------------------------------------------------------------------------
2021-08-20 16:31:37,702 - GetWeather.py - INFO - Server unavailable or wrong URL. No HTTP query answer received!
2021-08-20 16:31:37,703 - GetWeather.py - INFO - Retry query in 30
2021-08-20 16:32:12,408 - GetWeather.py - INFO - Message retrieved from OpenWeather.
2021-08-20 16:32:12,514 - GetWeather.py - INFO - Inject message with fingerprint: a313557135c8c43ec2c924a18d2bf628 
2021-08-20 16:32:12,516 - GetWeather.py - INFO - New weather message injected in Weather DB.
2021-08-20 16:32:12,517 - GetWeather.py - INFO - ------------------------------------------------------------------------------------------------------
2021-08-20 16:32:12,517 - GetWeather.py - INFO - 20/08/2021 16:32:12 Get weather message for Sion - 
2021-08-20 16:32:12,517 - GetWeather.py - INFO - ------------------------------------------------------------------------------------------------------
2021-08-20 16:32:12,651 - GetWeather.py - INFO - Message retrieved from OpenWeather.
2021-08-20 16:32:12,750 - GetWeather.py - INFO - Inject message with fingerprint: fa787e6dca1d3a8078c1f8057d569e5d 
2021-08-20 16:32:12,753 - GetWeather.py - INFO - New weather message injected in Weather DB.
2021-08-20 16:32:12,753 - GetWeather.py - INFO - ------------------------------------------------------------------------------------------------------
2021-08-20 16:32:12,753 - GetWeather.py - INFO - 20/08/2021 16:32:12 Get weather message for Evolène - 
2021-08-20 16:32:12,754 - GetWeather.py - INFO - ------------------------------------------------------------------------------------------------------
2021-08-20 16:32:12,934 - GetWeather.py - INFO - Message retrieved from OpenWeather.
2021-08-20 16:32:13,059 - GetWeather.py - INFO - Inject message with fingerprint: f7bc591a08c77414d9724cad24b80fd4 
2021-08-20 16:32:13,061 - GetWeather.py - INFO - New weather message injected in Weather DB.
2021-08-20 16:35:23,414 - GetWeather.py - INFO - ------------------------------------------------------------------------------------------------------
2021-08-20 16:35:23,414 - GetWeather.py - INFO - 20/08/2021 16:35:23 Get weather message for Hérémence - 
2021-08-20 16:35:23,414 - GetWeather.py - INFO - ------------------------------------------------------------------------------------------------------
2021-08-20 16:35:23,591 - GetWeather.py - INFO - Message retrieved from OpenWeather.
2021-08-20 16:35:23,661 - GetWeather.py - WARNING - Record already exists in WeatherDB! Bypass insertion.
2021-08-20 16:35:23,661 - GetWeather.py - INFO - ------------------------------------------------------------------------------------------------------
2021-08-20 16:35:23,661 - GetWeather.py - INFO - 20/08/2021 16:35:23 Get weather message for Geneva - 
2021-08-20 16:35:23,661 - GetWeather.py - INFO - ------------------------------------------------------------------------------------------------------
2021-08-20 16:35:23,829 - GetWeather.py - INFO - Message retrieved from OpenWeather.
2021-08-20 16:35:23,909 - GetWeather.py - WARNING - Record already exists in WeatherDB! Bypass insertion.
2021-08-20 16:35:23,909 - GetWeather.py - INFO - ------------------------------------------------------------------------------------------------------
2021-08-20 16:35:23,909 - GetWeather.py - INFO - 20/08/2021 16:35:23 Get weather message for Lausanne - 
2021-08-20 16:35:23,909 - GetWeather.py - INFO - ------------------------------------------------------------------------------------------------------
2021-08-20 16:35:24,044 - GetWeather.py - INFO - Message retrieved from OpenWeather.
2021-08-20 16:35:24,137 - GetWeather.py - WARNING - Record already exists in WeatherDB! Bypass insertion.
2021-08-20 16:35:24,137 - GetWeather.py - INFO - ------------------------------------------------------------------------------------------------------
2021-08-20 16:35:24,137 - GetWeather.py - INFO - 20/08/2021 16:35:24 Get weather message for Sion - 
2021-08-20 16:35:24,137 - GetWeather.py - INFO - ------------------------------------------------------------------------------------------------------
2021-08-20 16:35:24,277 - GetWeather.py - INFO - Message retrieved from OpenWeather.
2021-08-20 16:35:24,356 - GetWeather.py - WARNING - Record already exists in WeatherDB! Bypass insertion.
2021-08-20 16:35:24,356 - GetWeather.py - INFO - ------------------------------------------------------------------------------------------------------
2021-08-20 16:35:24,356 - GetWeather.py - INFO - 20/08/2021 16:35:24 Get weather message for Evolène - 
2021-08-20 16:35:24,356 - GetWeather.py - INFO - ------------------------------------------------------------------------------------------------------
2021-08-20 16:35:24,523 - GetWeather.py - INFO - Message retrieved from OpenWeather.
2021-08-20 16:35:24,590 - GetWeather.py - WARNING - Record already exists in WeatherDB! Bypass insertion.
2021-08-20 16:40:24,591 - GetWeather.py - INFO - ------------------------------------------------------------------------------------------------------
2021-08-20 16:40:24,591 - GetWeather.py - INFO - 20/08/2021 16:40:24 Get weather message for Hérémence - 
2021-08-20 16:40:24,591 - GetWeather.py - INFO - ------------------------------------------------------------------------------------------------------
2021-08-20 16:40:24,726 - GetWeather.py - INFO - Message retrieved from OpenWeather.
2021-08-20 16:40:24,806 - GetWeather.py - WARNING - Record already exists in WeatherDB! Bypass insertion.
2021-08-20 16:40:24,806 - GetWeather.py - INFO - ------------------------------------------------------------------------------------------------------
2021-08-20 16:40:24,806 - GetWeather.py - INFO - 20/08/2021 16:40:24 Get weather message for Geneva - 
2021-08-20 16:40:24,806 - GetWeather.py - INFO - ------------------------------------------------------------------------------------------------------
2021-08-20 16:40:24,913 - GetWeather.py - INFO - Message retrieved from OpenWeather.
2021-08-20 16:40:25,011 - GetWeather.py - INFO - Inject message with fingerprint: 09dbdd04fc327888134f9abbb2fe11e7 
2021-08-20 16:40:25,013 - GetWeather.py - INFO - New weather message injected in Weather DB.
2021-08-20 16:40:25,014 - GetWeather.py - INFO - ------------------------------------------------------------------------------------------------------
2021-08-20 16:40:25,014 - GetWeather.py - INFO - 20/08/2021 16:40:25 Get weather message for Lausanne - 
2021-08-20 16:40:25,014 - GetWeather.py - INFO - ------------------------------------------------------------------------------------------------------
2021-08-20 16:40:25,131 - GetWeather.py - INFO - Message retrieved from OpenWeather.
2021-08-20 16:40:25,198 - GetWeather.py - WARNING - Record already exists in WeatherDB! Bypass insertion.
2021-08-20 16:40:25,198 - GetWeather.py - INFO - ------------------------------------------------------------------------------------------------------
2021-08-20 16:40:25,199 - GetWeather.py - INFO - 20/08/2021 16:40:25 Get weather message for Sion - 
2021-08-20 16:40:25,199 - GetWeather.py - INFO - ------------------------------------------------------------------------------------------------------
2021-08-20 16:40:25,308 - GetWeather.py - INFO - Message retrieved from OpenWeather.
2021-08-20 16:40:25,382 - GetWeather.py - WARNING - Record already exists in WeatherDB! Bypass insertion.
2021-08-20 16:40:25,383 - GetWeather.py - INFO - ------------------------------------------------------------------------------------------------------
2021-08-20 16:40:25,383 - GetWeather.py - INFO - 20/08/2021 16:40:25 Get weather message for Evolène - 
2021-08-20 16:40:25,383 - GetWeather.py - INFO - ------------------------------------------------------------------------------------------------------
2021-08-20 16:40:25,503 - GetWeather.py - INFO - Message retrieved from OpenWeather.
2021-08-20 16:40:25,588 - GetWeather.py - WARNING - Record already exists in WeatherDB! Bypass insertion.
2021-08-20 16:45:23,577 - GetWeather.py - INFO - ------------------------------------------------------------------------------------------------------
2021-08-20 16:45:23,577 - GetWeather.py - INFO - 20/08/2021 16:45:23 Get weather message for Hérémence - 
2021-08-20 16:45:23,578 - GetWeather.py - INFO - ------------------------------------------------------------------------------------------------------
2021-08-20 16:45:23,977 - GetWeather.py - INFO - Message retrieved from OpenWeather.
2021-08-20 16:45:24,077 - GetWeather.py - INFO - Inject message with fingerprint: 8e48870dc2019d4d38cd87b2a1a5b639 
2021-08-20 16:45:24,079 - GetWeather.py - INFO - New weather message injected in Weather DB.
2021-08-20 16:45:24,080 - GetWeather.py - INFO - ------------------------------------------------------------------------------------------------------
2021-08-20 16:45:24,080 - GetWeather.py - INFO - 20/08/2021 16:45:24 Get weather message for Geneva - 
2021-08-20 16:45:24,081 - GetWeather.py - INFO - ------------------------------------------------------------------------------------------------------
2021-08-20 16:45:24,536 - GetWeather.py - INFO - Message retrieved from OpenWeather.
2021-08-20 16:45:24,607 - GetWeather.py - WARNING - Record already exists in WeatherDB! Bypass insertion.
2021-08-20 16:45:24,607 - GetWeather.py - INFO - ------------------------------------------------------------------------------------------------------
2021-08-20 16:45:24,608 - GetWeather.py - INFO - 20/08/2021 16:45:24 Get weather message for Lausanne - 
2021-08-20 16:45:24,608 - GetWeather.py - INFO - ------------------------------------------------------------------------------------------------------
2021-08-20 16:45:24,906 - GetWeather.py - INFO - Message retrieved from OpenWeather.
2021-08-20 16:45:25,019 - GetWeather.py - INFO - Inject message with fingerprint: 709e299eadfdc41bcb51f3a0ea872b01 
2021-08-20 16:45:25,021 - GetWeather.py - INFO - New weather message injected in Weather DB.
2021-08-20 16:45:25,022 - GetWeather.py - INFO - ------------------------------------------------------------------------------------------------------
2021-08-20 16:45:25,022 - GetWeather.py - INFO - 20/08/2021 16:45:25 Get weather message for Sion - 
2021-08-20 16:45:25,022 - GetWeather.py - INFO - ------------------------------------------------------------------------------------------------------
2021-08-20 16:45:25,683 - GetWeather.py - INFO - Message retrieved from OpenWeather.
2021-08-20 16:45:25,783 - GetWeather.py - INFO - Inject message with fingerprint: 28fa541ad0e0080f31b55c67c83c0440 
2021-08-20 16:45:25,786 - GetWeather.py - INFO - New weather message injected in Weather DB.
2021-08-20 16:45:25,786 - GetWeather.py - INFO - ------------------------------------------------------------------------------------------------------
2021-08-20 16:45:25,786 - GetWeather.py - INFO - 20/08/2021 16:45:25 Get weather message for Evolène - 
2021-08-20 16:45:25,787 - GetWeather.py - INFO - ------------------------------------------------------------------------------------------------------
2021-08-20 16:45:26,005 - GetWeather.py - INFO - Message retrieved from OpenWeather.
2021-08-20 16:45:26,103 - GetWeather.py - INFO - Inject message with fingerprint: 0d9e2c9330a9c661f5c6dee25a2055c1 
2021-08-20 16:45:26,106 - GetWeather.py - INFO - New weather message injected in Weather DB.
2021-08-20 16:50:26,106 - GetWeather.py - INFO - ------------------------------------------------------------------------------------------------------
2021-08-20 16:50:26,106 - GetWeather.py - INFO - 20/08/2021 16:50:26 Get weather message for Hérémence - 
2021-08-20 16:50:26,107 - GetWeather.py - INFO - ------------------------------------------------------------------------------------------------------
2021-08-20 16:50:29,866 - GetWeather.py - INFO - Server unavailable or wrong URL. No HTTP query answer received!
2021-08-20 16:50:29,867 - GetWeather.py - INFO - Retry query in 30
2021-08-20 16:51:07,021 - GetWeather.py - INFO - Message retrieved from OpenWeather.
2021-08-20 16:51:07,086 - GetWeather.py - WARNING - Record already exists in WeatherDB! Bypass insertion.
2021-08-20 16:51:07,086 - GetWeather.py - INFO - ------------------------------------------------------------------------------------------------------
2021-08-20 16:51:07,087 - GetWeather.py - INFO - 20/08/2021 16:51:07 Get weather message for Geneva - 
2021-08-20 16:51:07,087 - GetWeather.py - INFO - ------------------------------------------------------------------------------------------------------
2021-08-20 16:51:07,200 - GetWeather.py - INFO - Message retrieved from OpenWeather.
2021-08-20 16:51:07,309 - GetWeather.py - INFO - Inject message with fingerprint: 794475f897be6cd90b9c717a30e5c7d4 
2021-08-20 16:51:07,311 - GetWeather.py - INFO - New weather message injected in Weather DB.
2021-08-20 16:51:07,312 - GetWeather.py - INFO - ------------------------------------------------------------------------------------------------------
2021-08-20 16:51:07,312 - GetWeather.py - INFO - 20/08/2021 16:51:07 Get weather message for Lausanne - 
2021-08-20 16:51:07,312 - GetWeather.py - INFO - ------------------------------------------------------------------------------------------------------
2021-08-20 16:51:07,467 - GetWeather.py - INFO - Message retrieved from OpenWeather.
2021-08-20 16:51:07,557 - GetWeather.py - WARNING - Record already exists in WeatherDB! Bypass insertion.
2021-08-20 16:51:07,557 - GetWeather.py - INFO - ------------------------------------------------------------------------------------------------------
2021-08-20 16:51:07,558 - GetWeather.py - INFO - 20/08/2021 16:51:07 Get weather message for Sion - 
2021-08-20 16:51:07,558 - GetWeather.py - INFO - ------------------------------------------------------------------------------------------------------
2021-08-20 16:51:07,702 - GetWeather.py - INFO - Message retrieved from OpenWeather.
2021-08-20 16:51:07,789 - GetWeather.py - WARNING - Record already exists in WeatherDB! Bypass insertion.
2021-08-20 16:51:07,789 - GetWeather.py - INFO - ------------------------------------------------------------------------------------------------------
2021-08-20 16:51:07,790 - GetWeather.py - INFO - 20/08/2021 16:51:07 Get weather message for Evolène - 
2021-08-20 16:51:07,790 - GetWeather.py - INFO - ------------------------------------------------------------------------------------------------------
2021-08-20 16:51:07,947 - GetWeather.py - INFO - Message retrieved from OpenWeather.
2021-08-20 16:51:08,034 - GetWeather.py - WARNING - Record already exists in WeatherDB! Bypass insertion.
2021-08-20 16:56:08,035 - GetWeather.py - INFO - ------------------------------------------------------------------------------------------------------
2021-08-20 16:56:08,035 - GetWeather.py - INFO - 20/08/2021 16:56:08 Get weather message for Hérémence - 
2021-08-20 16:56:08,035 - GetWeather.py - INFO - ------------------------------------------------------------------------------------------------------
2021-08-20 16:56:08,195 - GetWeather.py - INFO - Message retrieved from OpenWeather.
2021-08-20 16:56:08,309 - GetWeather.py - INFO - Inject message with fingerprint: ffb1b18c491b5d483080a2b6c813da95 
2021-08-20 16:56:08,312 - GetWeather.py - INFO - New weather message injected in Weather DB.
2021-08-20 16:56:08,312 - GetWeather.py - INFO - ------------------------------------------------------------------------------------------------------
2021-08-20 16:56:08,312 - GetWeather.py - INFO - 20/08/2021 16:56:08 Get weather message for Geneva - 
2021-08-20 16:56:08,312 - GetWeather.py - INFO - ------------------------------------------------------------------------------------------------------
2021-08-20 16:56:08,452 - GetWeather.py - INFO - Message retrieved from OpenWeather.
2021-08-20 16:56:08,519 - GetWeather.py - WARNING - Record already exists in WeatherDB! Bypass insertion.
2021-08-20 16:56:08,520 - GetWeather.py - INFO - ------------------------------------------------------------------------------------------------------
2021-08-20 16:56:08,520 - GetWeather.py - INFO - 20/08/2021 16:56:08 Get weather message for Lausanne - 
2021-08-20 16:56:08,521 - GetWeather.py - INFO - ------------------------------------------------------------------------------------------------------
2021-08-20 16:56:08,672 - GetWeather.py - INFO - Message retrieved from OpenWeather.
2021-08-20 16:56:08,773 - GetWeather.py - INFO - Inject message with fingerprint: 6d7edfe8cc32a983e015832d580ef794 
2021-08-20 16:56:08,776 - GetWeather.py - INFO - New weather message injected in Weather DB.
2021-08-20 16:56:08,776 - GetWeather.py - INFO - ------------------------------------------------------------------------------------------------------
2021-08-20 16:56:08,776 - GetWeather.py - INFO - 20/08/2021 16:56:08 Get weather message for Sion - 
2021-08-20 16:56:08,777 - GetWeather.py - INFO - ------------------------------------------------------------------------------------------------------
2021-08-20 16:56:08,911 - GetWeather.py - INFO - Message retrieved from OpenWeather.
2021-08-20 16:56:09,011 - GetWeather.py - INFO - Inject message with fingerprint: ab829db45f5e768b79c4e5535ad6cee6 
2021-08-20 16:56:09,013 - GetWeather.py - INFO - New weather message injected in Weather DB.
2021-08-20 16:56:09,013 - GetWeather.py - INFO - ------------------------------------------------------------------------------------------------------
2021-08-20 16:56:09,013 - GetWeather.py - INFO - 20/08/2021 16:56:09 Get weather message for Evolène - 
2021-08-20 16:56:09,013 - GetWeather.py - INFO - ------------------------------------------------------------------------------------------------------
2021-08-20 16:56:09,186 - GetWeather.py - INFO - Message retrieved from OpenWeather.
2021-08-20 16:56:09,286 - GetWeather.py - INFO - Inject message with fingerprint: f5b0a0c9e15d40dbffdbaa4dd7f2225c 
2021-08-20 16:56:09,289 - GetWeather.py - INFO - New weather message injected in Weather DB.
2021-08-20 17:01:09,290 - GetWeather.py - INFO - ------------------------------------------------------------------------------------------------------
2021-08-20 17:01:09,290 - GetWeather.py - INFO - 20/08/2021 17:01:09 Get weather message for Hérémence - 
2021-08-20 17:01:09,291 - GetWeather.py - INFO - ------------------------------------------------------------------------------------------------------
2021-08-20 17:01:09,432 - GetWeather.py - INFO - Message retrieved from OpenWeather.
2021-08-20 17:01:09,500 - GetWeather.py - WARNING - Record already exists in WeatherDB! Bypass insertion.
2021-08-20 17:01:09,500 - GetWeather.py - INFO - ------------------------------------------------------------------------------------------------------
2021-08-20 17:01:09,501 - GetWeather.py - INFO - 20/08/2021 17:01:09 Get weather message for Geneva - 
2021-08-20 17:01:09,501 - GetWeather.py - INFO - ------------------------------------------------------------------------------------------------------
2021-08-20 17:01:09,656 - GetWeather.py - INFO - Message retrieved from OpenWeather.
2021-08-20 17:01:09,754 - GetWeather.py - INFO - Inject message with fingerprint: e548e14d429040e9681ab8ca1b619ba9 
2021-08-20 17:01:09,756 - GetWeather.py - INFO - New weather message injected in Weather DB.
2021-08-20 17:01:09,757 - GetWeather.py - INFO - ------------------------------------------------------------------------------------------------------
2021-08-20 17:01:09,757 - GetWeather.py - INFO - 20/08/2021 17:01:09 Get weather message for Lausanne - 
2021-08-20 17:01:09,757 - GetWeather.py - INFO - ------------------------------------------------------------------------------------------------------
2021-08-20 17:01:09,909 - GetWeather.py - INFO - Message retrieved from OpenWeather.
2021-08-20 17:01:09,988 - GetWeather.py - WARNING - Record already exists in WeatherDB! Bypass insertion.
2021-08-20 17:01:09,988 - GetWeather.py - INFO - ------------------------------------------------------------------------------------------------------
2021-08-20 17:01:09,988 - GetWeather.py - INFO - 20/08/2021 17:01:09 Get weather message for Sion - 
2021-08-20 17:01:09,989 - GetWeather.py - INFO - ------------------------------------------------------------------------------------------------------
2021-08-20 17:01:10,115 - GetWeather.py - INFO - Message retrieved from OpenWeather.
2021-08-20 17:01:10,192 - GetWeather.py - WARNING - Record already exists in WeatherDB! Bypass insertion.
2021-08-20 17:01:10,192 - GetWeather.py - INFO - ------------------------------------------------------------------------------------------------------
2021-08-20 17:01:10,192 - GetWeather.py - INFO - 20/08/2021 17:01:10 Get weather message for Evolène - 
2021-08-20 17:01:10,192 - GetWeather.py - INFO - ------------------------------------------------------------------------------------------------------
2021-08-20 17:01:10,299 - GetWeather.py - INFO - Message retrieved from OpenWeather.
2021-08-20 17:01:10,363 - GetWeather.py - WARNING - Record already exists in WeatherDB! Bypass insertion.
2021-08-20 17:06:10,364 - GetWeather.py - INFO - ------------------------------------------------------------------------------------------------------
2021-08-20 17:06:10,365 - GetWeather.py - INFO - 20/08/2021 17:06:10 Get weather message for Hérémence - 
2021-08-20 17:06:10,366 - GetWeather.py - INFO - ------------------------------------------------------------------------------------------------------
2021-08-20 17:06:10,496 - GetWeather.py - INFO - Message retrieved from OpenWeather.
2021-08-20 17:06:10,596 - GetWeather.py - INFO - Inject message with fingerprint: d303171ff763771c04f0de52cd39b958 
2021-08-20 17:06:10,598 - GetWeather.py - INFO - New weather message injected in Weather DB.
2021-08-20 17:06:10,599 - GetWeather.py - INFO - ------------------------------------------------------------------------------------------------------
2021-08-20 17:06:10,599 - GetWeather.py - INFO - 20/08/2021 17:06:10 Get weather message for Geneva - 
2021-08-20 17:06:10,600 - GetWeather.py - INFO - ------------------------------------------------------------------------------------------------------
2021-08-20 17:06:10,750 - GetWeather.py - INFO - Message retrieved from OpenWeather.
2021-08-20 17:06:10,878 - GetWeather.py - INFO - Inject message with fingerprint: 39b33ce1fc1512f8b3a745fd76b0b0ef 
2021-08-20 17:06:10,881 - GetWeather.py - INFO - New weather message injected in Weather DB.
2021-08-20 17:06:10,881 - GetWeather.py - INFO - ------------------------------------------------------------------------------------------------------
2021-08-20 17:06:10,881 - GetWeather.py - INFO - 20/08/2021 17:06:10 Get weather message for Lausanne - 
2021-08-20 17:06:10,882 - GetWeather.py - INFO - ------------------------------------------------------------------------------------------------------
2021-08-20 17:06:11,030 - GetWeather.py - INFO - Message retrieved from OpenWeather.
2021-08-20 17:06:11,146 - GetWeather.py - INFO - Inject message with fingerprint: 88ddb58dff40f927e9967e731774db39 
2021-08-20 17:06:11,148 - GetWeather.py - INFO - New weather message injected in Weather DB.
2021-08-20 17:06:11,148 - GetWeather.py - INFO - ------------------------------------------------------------------------------------------------------
2021-08-20 17:06:11,148 - GetWeather.py - INFO - 20/08/2021 17:06:11 Get weather message for Sion - 
2021-08-20 17:06:11,148 - GetWeather.py - INFO - ------------------------------------------------------------------------------------------------------
2021-08-20 17:06:11,293 - GetWeather.py - INFO - Message retrieved from OpenWeather.
2021-08-20 17:06:11,416 - GetWeather.py - INFO - Inject message with fingerprint: 1c95160e62fb2ff20f90d7a9390297e2 
2021-08-20 17:06:11,418 - GetWeather.py - INFO - New weather message injected in Weather DB.
2021-08-20 17:06:11,419 - GetWeather.py - INFO - ------------------------------------------------------------------------------------------------------
2021-08-20 17:06:11,419 - GetWeather.py - INFO - 20/08/2021 17:06:11 Get weather message for Evolène - 
2021-08-20 17:06:11,419 - GetWeather.py - INFO - ------------------------------------------------------------------------------------------------------
2021-08-20 17:06:11,523 - GetWeather.py - INFO - Message retrieved from OpenWeather.
2021-08-20 17:06:11,620 - GetWeather.py - INFO - Inject message with fingerprint: d6026df17b67d19ff90ab0bb16958ba3 
2021-08-20 17:06:11,622 - GetWeather.py - INFO - New weather message injected in Weather DB.
2021-08-20 17:11:11,622 - GetWeather.py - INFO - ------------------------------------------------------------------------------------------------------
2021-08-20 17:11:11,623 - GetWeather.py - INFO - 20/08/2021 17:11:11 Get weather message for Hérémence - 
2021-08-20 17:11:11,624 - GetWeather.py - INFO - ------------------------------------------------------------------------------------------------------
2021-08-20 17:11:11,762 - GetWeather.py - INFO - Message retrieved from OpenWeather.
2021-08-20 17:11:11,829 - GetWeather.py - WARNING - Record already exists in WeatherDB! Bypass insertion.
2021-08-20 17:11:11,830 - GetWeather.py - INFO - ------------------------------------------------------------------------------------------------------
2021-08-20 17:11:11,830 - GetWeather.py - INFO - 20/08/2021 17:11:11 Get weather message for Geneva - 
2021-08-20 17:11:11,831 - GetWeather.py - INFO - ------------------------------------------------------------------------------------------------------
2021-08-20 17:11:11,958 - GetWeather.py - INFO - Message retrieved from OpenWeather.
2021-08-20 17:11:12,023 - GetWeather.py - WARNING - Record already exists in WeatherDB! Bypass insertion.
2021-08-20 17:11:12,024 - GetWeather.py - INFO - ------------------------------------------------------------------------------------------------------
2021-08-20 17:11:12,024 - GetWeather.py - INFO - 20/08/2021 17:11:12 Get weather message for Lausanne - 
2021-08-20 17:11:12,024 - GetWeather.py - INFO - ------------------------------------------------------------------------------------------------------
2021-08-20 17:11:12,137 - GetWeather.py - INFO - Message retrieved from OpenWeather.
2021-08-20 17:11:12,229 - GetWeather.py - WARNING - Record already exists in WeatherDB! Bypass insertion.
2021-08-20 17:11:12,229 - GetWeather.py - INFO - ------------------------------------------------------------------------------------------------------
2021-08-20 17:11:12,229 - GetWeather.py - INFO - 20/08/2021 17:11:12 Get weather message for Sion - 
2021-08-20 17:11:12,230 - GetWeather.py - INFO - ------------------------------------------------------------------------------------------------------
2021-08-20 17:11:12,395 - GetWeather.py - INFO - Message retrieved from OpenWeather.
2021-08-20 17:11:12,493 - GetWeather.py - INFO - Inject message with fingerprint: 50fd4a1041bab9522b537b12cf316753 
2021-08-20 17:11:12,495 - GetWeather.py - INFO - New weather message injected in Weather DB.
2021-08-20 17:11:12,496 - GetWeather.py - INFO - ------------------------------------------------------------------------------------------------------
2021-08-20 17:11:12,496 - GetWeather.py - INFO - 20/08/2021 17:11:12 Get weather message for Evolène - 
2021-08-20 17:11:12,497 - GetWeather.py - INFO - ------------------------------------------------------------------------------------------------------
2021-08-20 17:11:12,602 - GetWeather.py - INFO - Message retrieved from OpenWeather.
2021-08-20 17:11:12,667 - GetWeather.py - WARNING - Record already exists in WeatherDB! Bypass insertion.
2021-08-20 17:16:12,668 - GetWeather.py - INFO - ------------------------------------------------------------------------------------------------------
2021-08-20 17:16:12,668 - GetWeather.py - INFO - 20/08/2021 17:16:12 Get weather message for Hérémence - 
2021-08-20 17:16:12,669 - GetWeather.py - INFO - ------------------------------------------------------------------------------------------------------
2021-08-20 17:16:18,305 - GetWeather.py - INFO - Server unavailable or wrong URL. No HTTP query answer received!
2021-08-20 17:16:18,306 - GetWeather.py - INFO - Retry query in 30
2021-08-20 17:16:52,297 - GetWeather.py - INFO - Server unavailable or wrong URL. No HTTP query answer received!
2021-08-20 17:16:52,298 - GetWeather.py - INFO - Retry query in 30
2021-08-20 17:17:22,408 - GetWeather.py - INFO - Message retrieved from OpenWeather.
2021-08-20 17:17:22,507 - GetWeather.py - INFO - Inject message with fingerprint: 0e7b8d2db4a992f3600fb52459601947 
2021-08-20 17:17:22,509 - GetWeather.py - INFO - New weather message injected in Weather DB.
2021-08-20 17:17:22,509 - GetWeather.py - INFO - ------------------------------------------------------------------------------------------------------
2021-08-20 17:17:22,510 - GetWeather.py - INFO - 20/08/2021 17:17:22 Get weather message for Geneva - 
2021-08-20 17:17:22,510 - GetWeather.py - INFO - ------------------------------------------------------------------------------------------------------
2021-08-20 17:17:22,641 - GetWeather.py - INFO - Message retrieved from OpenWeather.
2021-08-20 17:17:22,738 - GetWeather.py - INFO - Inject message with fingerprint: 8478898d75d9f7f695702e42cdcd29b8 
2021-08-20 17:17:22,740 - GetWeather.py - INFO - New weather message injected in Weather DB.
2021-08-20 17:17:22,740 - GetWeather.py - INFO - ------------------------------------------------------------------------------------------------------
2021-08-20 17:17:22,740 - GetWeather.py - INFO - 20/08/2021 17:17:22 Get weather message for Lausanne - 
2021-08-20 17:17:22,741 - GetWeather.py - INFO - ------------------------------------------------------------------------------------------------------
2021-08-20 17:17:22,852 - GetWeather.py - INFO - Message retrieved from OpenWeather.
2021-08-20 17:17:22,947 - GetWeather.py - INFO - Inject message with fingerprint: bb9bd3497669c14976d75b9bff11bdc8 
2021-08-20 17:17:22,950 - GetWeather.py - INFO - New weather message injected in Weather DB.
2021-08-20 17:17:22,950 - GetWeather.py - INFO - ------------------------------------------------------------------------------------------------------
2021-08-20 17:17:22,951 - GetWeather.py - INFO - 20/08/2021 17:17:22 Get weather message for Sion - 
2021-08-20 17:17:22,951 - GetWeather.py - INFO - ------------------------------------------------------------------------------------------------------
2021-08-20 17:17:23,130 - GetWeather.py - INFO - Message retrieved from OpenWeather.
2021-08-20 17:17:23,197 - GetWeather.py - WARNING - Record already exists in WeatherDB! Bypass insertion.
2021-08-20 17:17:23,197 - GetWeather.py - INFO - ------------------------------------------------------------------------------------------------------
2021-08-20 17:17:23,198 - GetWeather.py - INFO - 20/08/2021 17:17:23 Get weather message for Evolène - 
2021-08-20 17:17:23,198 - GetWeather.py - INFO - ------------------------------------------------------------------------------------------------------
2021-08-20 17:17:23,351 - GetWeather.py - INFO - Message retrieved from OpenWeather.
2021-08-20 17:17:23,472 - GetWeather.py - INFO - Inject message with fingerprint: 27a6107df9c8171ee4ebb125663a3aaf 
2021-08-20 17:17:23,473 - GetWeather.py - INFO - New weather message injected in Weather DB.
2021-08-20 17:22:23,474 - GetWeather.py - INFO - ------------------------------------------------------------------------------------------------------
2021-08-20 17:22:23,475 - GetWeather.py - INFO - 20/08/2021 17:22:23 Get weather message for Hérémence - 
2021-08-20 17:22:23,476 - GetWeather.py - INFO - ------------------------------------------------------------------------------------------------------
2021-08-20 17:22:23,610 - GetWeather.py - INFO - Message retrieved from OpenWeather.
2021-08-20 17:22:23,731 - GetWeather.py - INFO - Inject message with fingerprint: 48974114c01c7ce6abc23351582a92d5 
2021-08-20 17:22:23,734 - GetWeather.py - INFO - New weather message injected in Weather DB.
2021-08-20 17:22:23,734 - GetWeather.py - INFO - ------------------------------------------------------------------------------------------------------
2021-08-20 17:22:23,734 - GetWeather.py - INFO - 20/08/2021 17:22:23 Get weather message for Geneva - 
2021-08-20 17:22:23,734 - GetWeather.py - INFO - ------------------------------------------------------------------------------------------------------
2021-08-20 17:22:23,861 - GetWeather.py - INFO - Message retrieved from OpenWeather.
2021-08-20 17:22:23,926 - GetWeather.py - WARNING - Record already exists in WeatherDB! Bypass insertion.
2021-08-20 17:22:23,926 - GetWeather.py - INFO - ------------------------------------------------------------------------------------------------------
2021-08-20 17:22:23,926 - GetWeather.py - INFO - 20/08/2021 17:22:23 Get weather message for Lausanne - 
2021-08-20 17:22:23,927 - GetWeather.py - INFO - ------------------------------------------------------------------------------------------------------
2021-08-20 17:22:24,073 - GetWeather.py - INFO - Message retrieved from OpenWeather.
2021-08-20 17:22:24,142 - GetWeather.py - WARNING - Record already exists in WeatherDB! Bypass insertion.
2021-08-20 17:22:24,142 - GetWeather.py - INFO - ------------------------------------------------------------------------------------------------------
2021-08-20 17:22:24,142 - GetWeather.py - INFO - 20/08/2021 17:22:24 Get weather message for Sion - 
2021-08-20 17:22:24,143 - GetWeather.py - INFO - ------------------------------------------------------------------------------------------------------
2021-08-20 17:22:24,297 - GetWeather.py - INFO - Message retrieved from OpenWeather.
2021-08-20 17:22:24,408 - GetWeather.py - INFO - Inject message with fingerprint: 24c102ddc90f5bedcfca8c5fe78130f3 
2021-08-20 17:22:24,411 - GetWeather.py - INFO - New weather message injected in Weather DB.
2021-08-20 17:22:24,411 - GetWeather.py - INFO - ------------------------------------------------------------------------------------------------------
2021-08-20 17:22:24,411 - GetWeather.py - INFO - 20/08/2021 17:22:24 Get weather message for Evolène - 
2021-08-20 17:22:24,412 - GetWeather.py - INFO - ------------------------------------------------------------------------------------------------------
2021-08-20 17:22:24,627 - GetWeather.py - INFO - Message retrieved from OpenWeather.
2021-08-20 17:22:24,744 - GetWeather.py - INFO - Inject message with fingerprint: df574f5b12ac4f7851123aa1506cb6ff 
2021-08-20 17:22:24,747 - GetWeather.py - INFO - New weather message injected in Weather DB.
2021-08-20 17:27:24,748 - GetWeather.py - INFO - ------------------------------------------------------------------------------------------------------
2021-08-20 17:27:24,748 - GetWeather.py - INFO - 20/08/2021 17:27:24 Get weather message for Hérémence - 
2021-08-20 17:27:24,748 - GetWeather.py - INFO - ------------------------------------------------------------------------------------------------------
2021-08-20 17:27:24,880 - GetWeather.py - INFO - Message retrieved from OpenWeather.
2021-08-20 17:27:24,968 - GetWeather.py - WARNING - Record already exists in WeatherDB! Bypass insertion.
2021-08-20 17:27:24,968 - GetWeather.py - INFO - ------------------------------------------------------------------------------------------------------
2021-08-20 17:27:24,968 - GetWeather.py - INFO - 20/08/2021 17:27:24 Get weather message for Geneva - 
2021-08-20 17:27:24,969 - GetWeather.py - INFO - ------------------------------------------------------------------------------------------------------
2021-08-20 17:27:25,124 - GetWeather.py - INFO - Message retrieved from OpenWeather.
2021-08-20 17:27:25,219 - GetWeather.py - INFO - Inject message with fingerprint: a52bb9fc0a2b2918171ef10b14e6de2b 
2021-08-20 17:27:25,222 - GetWeather.py - INFO - New weather message injected in Weather DB.
2021-08-20 17:27:25,222 - GetWeather.py - INFO - ------------------------------------------------------------------------------------------------------
2021-08-20 17:27:25,223 - GetWeather.py - INFO - 20/08/2021 17:27:25 Get weather message for Lausanne - 
2021-08-20 17:27:25,223 - GetWeather.py - INFO - ------------------------------------------------------------------------------------------------------
2021-08-20 17:27:25,356 - GetWeather.py - INFO - Message retrieved from OpenWeather.
2021-08-20 17:27:25,477 - GetWeather.py - INFO - Inject message with fingerprint: 7a49c0d0aee5d4454ffdfb9b59d065a0 
2021-08-20 17:27:25,479 - GetWeather.py - INFO - New weather message injected in Weather DB.
2021-08-20 17:27:25,479 - GetWeather.py - INFO - ------------------------------------------------------------------------------------------------------
2021-08-20 17:27:25,480 - GetWeather.py - INFO - 20/08/2021 17:27:25 Get weather message for Sion - 
2021-08-20 17:27:25,480 - GetWeather.py - INFO - ------------------------------------------------------------------------------------------------------
2021-08-20 17:27:25,591 - GetWeather.py - INFO - Message retrieved from OpenWeather.
2021-08-20 17:27:25,677 - GetWeather.py - WARNING - Record already exists in WeatherDB! Bypass insertion.
2021-08-20 17:27:25,678 - GetWeather.py - INFO - ------------------------------------------------------------------------------------------------------
2021-08-20 17:27:25,678 - GetWeather.py - INFO - 20/08/2021 17:27:25 Get weather message for Evolène - 
2021-08-20 17:27:25,678 - GetWeather.py - INFO - ------------------------------------------------------------------------------------------------------
2021-08-20 17:27:25,786 - GetWeather.py - INFO - Message retrieved from OpenWeather.
2021-08-20 17:27:25,857 - GetWeather.py - WARNING - Record already exists in WeatherDB! Bypass insertion.
2021-08-20 17:32:25,857 - GetWeather.py - INFO - ------------------------------------------------------------------------------------------------------
2021-08-20 17:32:25,858 - GetWeather.py - INFO - 20/08/2021 17:32:25 Get weather message for Hérémence - 
2021-08-20 17:32:25,859 - GetWeather.py - INFO - ------------------------------------------------------------------------------------------------------
2021-08-20 17:32:26,125 - GetWeather.py - INFO - Message retrieved from OpenWeather.
2021-08-20 17:32:26,231 - GetWeather.py - INFO - Inject message with fingerprint: c5055cc707aa992357ae37656f84fedd 
2021-08-20 17:32:26,232 - GetWeather.py - INFO - New weather message injected in Weather DB.
2021-08-20 17:32:26,233 - GetWeather.py - INFO - ------------------------------------------------------------------------------------------------------
2021-08-20 17:32:26,233 - GetWeather.py - INFO - 20/08/2021 17:32:26 Get weather message for Geneva - 
2021-08-20 17:32:26,233 - GetWeather.py - INFO - ------------------------------------------------------------------------------------------------------
2021-08-20 17:32:26,365 - GetWeather.py - INFO - Message retrieved from OpenWeather.
2021-08-20 17:32:26,430 - GetWeather.py - WARNING - Record already exists in WeatherDB! Bypass insertion.
2021-08-20 17:32:26,431 - GetWeather.py - INFO - ------------------------------------------------------------------------------------------------------
2021-08-20 17:32:26,431 - GetWeather.py - INFO - 20/08/2021 17:32:26 Get weather message for Lausanne - 
2021-08-20 17:32:26,431 - GetWeather.py - INFO - ------------------------------------------------------------------------------------------------------
2021-08-20 17:32:26,559 - GetWeather.py - INFO - Message retrieved from OpenWeather.
2021-08-20 17:32:26,638 - GetWeather.py - WARNING - Record already exists in WeatherDB! Bypass insertion.
2021-08-20 17:32:26,638 - GetWeather.py - INFO - ------------------------------------------------------------------------------------------------------
2021-08-20 17:32:26,639 - GetWeather.py - INFO - 20/08/2021 17:32:26 Get weather message for Sion - 
2021-08-20 17:32:26,639 - GetWeather.py - INFO - ------------------------------------------------------------------------------------------------------
2021-08-20 17:32:26,776 - GetWeather.py - INFO - Message retrieved from OpenWeather.
2021-08-20 17:32:26,897 - GetWeather.py - INFO - Inject message with fingerprint: 887351424163f9c8eb63d63b8d9ec94a 
2021-08-20 17:32:26,899 - GetWeather.py - INFO - New weather message injected in Weather DB.
2021-08-20 17:32:26,900 - GetWeather.py - INFO - ------------------------------------------------------------------------------------------------------
2021-08-20 17:32:26,900 - GetWeather.py - INFO - 20/08/2021 17:32:26 Get weather message for Evolène - 
2021-08-20 17:32:26,901 - GetWeather.py - INFO - ------------------------------------------------------------------------------------------------------
2021-08-20 17:32:27,069 - GetWeather.py - INFO - Message retrieved from OpenWeather.
2021-08-20 17:32:27,183 - GetWeather.py - INFO - Inject message with fingerprint: 8c13b4ff3f9370581c1d2b8a93951375 
2021-08-20 17:32:27,185 - GetWeather.py - INFO - New weather message injected in Weather DB.
2021-08-20 17:37:27,186 - GetWeather.py - INFO - ------------------------------------------------------------------------------------------------------
2021-08-20 17:37:27,186 - GetWeather.py - INFO - 20/08/2021 17:37:27 Get weather message for Hérémence - 
2021-08-20 17:37:27,187 - GetWeather.py - INFO - ------------------------------------------------------------------------------------------------------
2021-08-20 17:37:27,319 - GetWeather.py - INFO - Message retrieved from OpenWeather.
2021-08-20 17:37:27,392 - GetWeather.py - WARNING - Record already exists in WeatherDB! Bypass insertion.
2021-08-20 17:37:27,392 - GetWeather.py - INFO - ------------------------------------------------------------------------------------------------------
2021-08-20 17:37:27,393 - GetWeather.py - INFO - 20/08/2021 17:37:27 Get weather message for Geneva - 
2021-08-20 17:37:27,393 - GetWeather.py - INFO - ------------------------------------------------------------------------------------------------------
2021-08-20 17:37:27,530 - GetWeather.py - INFO - Message retrieved from OpenWeather.
2021-08-20 17:37:27,628 - GetWeather.py - INFO - Inject message with fingerprint: eb8241f4cac6945faecc1a99d840899d 
2021-08-20 17:37:27,630 - GetWeather.py - INFO - New weather message injected in Weather DB.
2021-08-20 17:37:27,631 - GetWeather.py - INFO - ------------------------------------------------------------------------------------------------------
2021-08-20 17:37:27,631 - GetWeather.py - INFO - 20/08/2021 17:37:27 Get weather message for Lausanne - 
2021-08-20 17:37:27,631 - GetWeather.py - INFO - ------------------------------------------------------------------------------------------------------
2021-08-20 17:37:27,762 - GetWeather.py - INFO - Message retrieved from OpenWeather.
2021-08-20 17:37:27,869 - GetWeather.py - INFO - Inject message with fingerprint: 73f5abe78af22f65c3f46dae1848b016 
2021-08-20 17:37:27,872 - GetWeather.py - INFO - New weather message injected in Weather DB.
2021-08-20 17:37:27,872 - GetWeather.py - INFO - ------------------------------------------------------------------------------------------------------
2021-08-20 17:37:27,873 - GetWeather.py - INFO - 20/08/2021 17:37:27 Get weather message for Sion - 
2021-08-20 17:37:27,873 - GetWeather.py - INFO - ------------------------------------------------------------------------------------------------------
2021-08-20 17:37:27,992 - GetWeather.py - INFO - Message retrieved from OpenWeather.
2021-08-20 17:37:28,063 - GetWeather.py - WARNING - Record already exists in WeatherDB! Bypass insertion.
2021-08-20 17:37:28,064 - GetWeather.py - INFO - ------------------------------------------------------------------------------------------------------
2021-08-20 17:37:28,064 - GetWeather.py - INFO - 20/08/2021 17:37:28 Get weather message for Evolène - 
2021-08-20 17:37:28,064 - GetWeather.py - INFO - ------------------------------------------------------------------------------------------------------
2021-08-20 17:37:28,219 - GetWeather.py - INFO - Message retrieved from OpenWeather.
2021-08-20 17:37:28,287 - GetWeather.py - WARNING - Record already exists in WeatherDB! Bypass insertion.
